This is XeTeX, Version 3.141592653-2.6-0.999993 (TeX Live 2021/W32TeX) (preloaded format=xelatex 2022.2.23)  8 JUN 2022 18:40
entering extended mode
 restricted \write18 enabled.
 file:line:error style messages enabled.
 %&-line parsing enabled.
**resume
(./resume.tex
LaTeX2e <2020-10-01> patch level 4
L3 programming layer <2021-02-18> (./resume.cls
Document Class: resume 2015/05/25 An elegant Résumé class
(f:/develop/tex/texlive/2021/texmf-dist/tex/latex/base/article.cls
Document Class: article 2020/04/10 v1.4m Standard LaTeX document class
(f:/develop/tex/texlive/2021/texmf-dist/tex/latex/base/size11.clo
File: size11.clo 2020/04/10 v1.4m Standard LaTeX file (size option)
)
\c@part=\count175
\c@section=\count176
\c@subsection=\count177
\c@subsubsection=\count178
\c@paragraph=\count179
\c@subparagraph=\count180
\c@figure=\count181
\c@table=\count182
\abovecaptionskip=\skip47
\belowcaptionskip=\skip48
\bibindent=\dimen138
) (f:/develop/tex/texlive/2021/texmf-dist/tex/xelatex/xltxtra/xltxtra.sty
Package: xltxtra 2018/12/31 v0.7 Improvements for the "XeLaTeX" format
 (f:/develop/tex/texlive/2021/texmf-dist/tex/generic/iftex/ifluatex.sty
Package: ifluatex 2019/10/25 v1.5 ifluatex legacy package. Use iftex instead.
 (f:/develop/tex/texlive/2021/texmf-dist/tex/generic/iftex/iftex.sty
Package: iftex 2020/03/06 v1.0d TeX engine tests
)) (f:/develop/tex/texlive/2021/texmf-dist/tex/generic/iftex/ifxetex.sty
Package: ifxetex 2019/10/25 v0.7 ifxetex legacy package. Use iftex instead.
) (f:/develop/tex/texlive/2021/texmf-dist/tex/latex/fontspec/fontspec.sty (f:/develop/tex/texlive/2021/texmf-dist/tex/latex/l3packages/xparse/xparse.sty (f:/develop/tex/texlive/2021/texmf-dist/tex/latex/l3kernel/expl3.sty
Package: expl3 2021-02-18 L3 programming layer (loader)
 (f:/develop/tex/texlive/2021/texmf-dist/tex/latex/l3backend/l3backend-xetex.def
File: l3backend-xetex.def 2021-03-18 L3 backend support: XeTeX
 (|extractbb --version)
\c__kernel_sys_dvipdfmx_version_int=\count183
\l__color_backend_stack_int=\count184
\g__color_backend_stack_int=\count185
\g__graphics_track_int=\count186
\l__pdf_internal_box=\box47
\g__pdf_backend_object_int=\count187
\g__pdf_backend_annotation_int=\count188
\g__pdf_backend_link_int=\count189
)) (f:/develop/tex/texlive/2021/texmf-dist/tex/latex/l3packages/xparse/xparse-2020-10-01.sty (f:/develop/tex/texlive/2021/texmf-dist/tex/latex/l3packages/xparse/xparse-generic.tex)))
Package: fontspec 2020/02/21 v2.7i Font selection for XeLaTeX and LuaLaTeX
 (f:/develop/tex/texlive/2021/texmf-dist/tex/latex/fontspec/fontspec-xetex.sty
Package: fontspec-xetex 2020/02/21 v2.7i Font selection for XeLaTeX and LuaLaTeX
\l__fontspec_script_int=\count190
\l__fontspec_language_int=\count191
\l__fontspec_strnum_int=\count192
\l__fontspec_tmp_int=\count193
\l__fontspec_tmpa_int=\count194
\l__fontspec_tmpb_int=\count195
\l__fontspec_tmpc_int=\count196
\l__fontspec_em_int=\count197
\l__fontspec_emdef_int=\count198
\l__fontspec_strong_int=\count199
\l__fontspec_strongdef_int=\count266
\l__fontspec_tmpa_dim=\dimen139
\l__fontspec_tmpb_dim=\dimen140
\l__fontspec_tmpc_dim=\dimen141
 (f:/develop/tex/texlive/2021/texmf-dist/tex/latex/base/fontenc.sty
Package: fontenc 2020/08/10 v2.0s Standard LaTeX package
) (f:/develop/tex/texlive/2021/texmf-dist/tex/latex/fontspec/fontspec.cfg))) (f:/develop/tex/texlive/2021/texmf-dist/tex/latex/realscripts/realscripts.sty
Package: realscripts 2016/02/13 v0.3d Access OpenType subscripts and superscripts
\subsupersep=\dimen142
) (f:/develop/tex/texlive/2021/texmf-dist/tex/latex/metalogo/metalogo.sty
Package: metalogo 2010/05/29 v0.12 Extended TeX logo macros
 (f:/develop/tex/texlive/2021/texmf-dist/tex/latex/graphics/graphicx.sty
Package: graphicx 2020/09/09 v1.2b Enhanced LaTeX Graphics (DPC,SPQR)
 (f:/develop/tex/texlive/2021/texmf-dist/tex/latex/graphics/keyval.sty
Package: keyval 2014/10/28 v1.15 key=value parser (DPC)
\KV@toks@=\toks15
) (f:/develop/tex/texlive/2021/texmf-dist/tex/latex/graphics/graphics.sty
Package: graphics 2020/08/30 v1.4c Standard LaTeX Graphics (DPC,SPQR)
 (f:/develop/tex/texlive/2021/texmf-dist/tex/latex/graphics/trig.sty
Package: trig 2016/01/03 v1.10 sin cos tan (DPC)
) (f:/develop/tex/texlive/2021/texmf-dist/tex/latex/graphics-cfg/graphics.cfg
File: graphics.cfg 2016/06/04 v1.11 sample graphics configuration
)
Package graphics Info: Driver file: xetex.def on input line 105.
 (f:/develop/tex/texlive/2021/texmf-dist/tex/latex/graphics-def/xetex.def
File: xetex.def 2021/03/18 v5.0k Graphics/color driver for xetex
))
\Gin@req@height=\dimen143
\Gin@req@width=\dimen144
)
\xl@everylogo=\toks16
\xl@@everylogo=\toks17
LaTeX Info: Redefining \TeX on input line 193.
LaTeX Info: Redefining \LaTeX on input line 202.
LaTeX Info: Redefining \LaTeXe on input line 219.
)
\l__xetex_show_hyphens_wrapping_box=\box48
\l__xetex_show_hyphens_temp_box=\box49
\l__xetex_show_hyphens_final_box=\box50
\g__xetex_show_hyphens_word_box=\box51
) (f:/develop/tex/texlive/2021/texmf-dist/tex/latex/xifthen/xifthen.sty
Package: xifthen 2015/11/05 v1.4.0 Extended ifthen features
 (f:/develop/tex/texlive/2021/texmf-dist/tex/latex/tools/calc.sty
Package: calc 2017/05/25 v4.3 Infix arithmetic (KKT,FJ)
\calc@Acount=\count267
\calc@Bcount=\count268
\calc@Adimen=\dimen145
\calc@Bdimen=\dimen146
\calc@Askip=\skip49
\calc@Bskip=\skip50
LaTeX Info: Redefining \setlength on input line 80.
LaTeX Info: Redefining \addtolength on input line 81.
\calc@Ccount=\count269
\calc@Cskip=\skip51
) (f:/develop/tex/texlive/2021/texmf-dist/tex/latex/base/ifthen.sty
Package: ifthen 2014/09/29 v1.1c Standard LaTeX ifthen package (DPC)
) (f:/develop/tex/texlive/2021/texmf-dist/tex/latex/ifmtarg/ifmtarg.sty
Package: ifmtarg 2018/04/16 v1.2b check for an empty argument
)) (f:/develop/tex/texlive/2021/texmf-dist/tex/latex/progressbar/progressbar.sty
Package: progressbar 2014/05/04 v1.0b\nobreakspace {}4: progressbar
 (f:/develop/tex/texlive/2021/texmf-dist/tex/latex/pgf/frontendlayer/tikz.sty (f:/develop/tex/texlive/2021/texmf-dist/tex/latex/pgf/basiclayer/pgf.sty (f:/develop/tex/texlive/2021/texmf-dist/tex/latex/pgf/utilities/pgfrcs.sty (f:/develop/tex/texlive/2021/texmf-dist/tex/generic/pgf/utilities/pgfutil-common.tex
\pgfutil@everybye=\toks18
\pgfutil@tempdima=\dimen147
\pgfutil@tempdimb=\dimen148
 (f:/develop/tex/texlive/2021/texmf-dist/tex/generic/pgf/utilities/pgfutil-common-lists.tex)) (f:/develop/tex/texlive/2021/texmf-dist/tex/generic/pgf/utilities/pgfutil-latex.def
\pgfutil@abb=\box52
) (f:/develop/tex/texlive/2021/texmf-dist/tex/generic/pgf/utilities/pgfrcs.code.tex (f:/develop/tex/texlive/2021/texmf-dist/tex/generic/pgf/pgf.revision.tex)
Package: pgfrcs 2020/12/27 v3.1.8b (3.1.8b)
))
Package: pgf 2020/12/27 v3.1.8b (3.1.8b)
 (f:/develop/tex/texlive/2021/texmf-dist/tex/latex/pgf/basiclayer/pgfcore.sty (f:/develop/tex/texlive/2021/texmf-dist/tex/latex/pgf/systemlayer/pgfsys.sty (f:/develop/tex/texlive/2021/texmf-dist/tex/generic/pgf/systemlayer/pgfsys.code.tex
Package: pgfsys 2020/12/27 v3.1.8b (3.1.8b)
 (f:/develop/tex/texlive/2021/texmf-dist/tex/generic/pgf/utilities/pgfkeys.code.tex
\pgfkeys@pathtoks=\toks19
\pgfkeys@temptoks=\toks20
 (f:/develop/tex/texlive/2021/texmf-dist/tex/generic/pgf/utilities/pgfkeysfiltered.code.tex
\pgfkeys@tmptoks=\toks21
))
\pgf@x=\dimen149
\pgf@y=\dimen150
\pgf@xa=\dimen151
\pgf@ya=\dimen152
\pgf@xb=\dimen153
\pgf@yb=\dimen154
\pgf@xc=\dimen155
\pgf@yc=\dimen156
\pgf@xd=\dimen157
\pgf@yd=\dimen158
\w@pgf@writea=\write3
\r@pgf@reada=\read2
\c@pgf@counta=\count270
\c@pgf@countb=\count271
\c@pgf@countc=\count272
\c@pgf@countd=\count273
\t@pgf@toka=\toks22
\t@pgf@tokb=\toks23
\t@pgf@tokc=\toks24
\pgf@sys@id@count=\count274
 (f:/develop/tex/texlive/2021/texmf-dist/tex/generic/pgf/systemlayer/pgf.cfg
File: pgf.cfg 2020/12/27 v3.1.8b (3.1.8b)
)
Driver file for pgf: pgfsys-xetex.def
 (f:/develop/tex/texlive/2021/texmf-dist/tex/generic/pgf/systemlayer/pgfsys-xetex.def
File: pgfsys-xetex.def 2020/12/27 v3.1.8b (3.1.8b)
 (f:/develop/tex/texlive/2021/texmf-dist/tex/generic/pgf/systemlayer/pgfsys-dvipdfmx.def
File: pgfsys-dvipdfmx.def 2020/12/27 v3.1.8b (3.1.8b)
 (f:/develop/tex/texlive/2021/texmf-dist/tex/generic/pgf/systemlayer/pgfsys-common-pdf.def
File: pgfsys-common-pdf.def 2020/12/27 v3.1.8b (3.1.8b)
)
\pgfsys@objnum=\count275
))) (f:/develop/tex/texlive/2021/texmf-dist/tex/generic/pgf/systemlayer/pgfsyssoftpath.code.tex
File: pgfsyssoftpath.code.tex 2020/12/27 v3.1.8b (3.1.8b)
\pgfsyssoftpath@smallbuffer@items=\count276
\pgfsyssoftpath@bigbuffer@items=\count277
) (f:/develop/tex/texlive/2021/texmf-dist/tex/generic/pgf/systemlayer/pgfsysprotocol.code.tex
File: pgfsysprotocol.code.tex 2020/12/27 v3.1.8b (3.1.8b)
)) (f:/develop/tex/texlive/2021/texmf-dist/tex/latex/xcolor/xcolor.sty
Package: xcolor 2016/05/11 v2.12 LaTeX color extensions (UK)
 (f:/develop/tex/texlive/2021/texmf-dist/tex/latex/graphics-cfg/color.cfg
File: color.cfg 2016/01/02 v1.6 sample color configuration
)
Package xcolor Info: Driver file: xetex.def on input line 225.
Package xcolor Info: Model `cmy' substituted by `cmy0' on input line 1348.
Package xcolor Info: Model `RGB' extended on input line 1364.
Package xcolor Info: Model `HTML' substituted by `rgb' on input line 1366.
Package xcolor Info: Model `Hsb' substituted by `hsb' on input line 1367.
Package xcolor Info: Model `tHsb' substituted by `hsb' on input line 1368.
Package xcolor Info: Model `HSB' substituted by `hsb' on input line 1369.
Package xcolor Info: Model `Gray' substituted by `gray' on input line 1370.
Package xcolor Info: Model `wave' substituted by `hsb' on input line 1371.
) (f:/develop/tex/texlive/2021/texmf-dist/tex/generic/pgf/basiclayer/pgfcore.code.tex
Package: pgfcore 2020/12/27 v3.1.8b (3.1.8b)
 (f:/develop/tex/texlive/2021/texmf-dist/tex/generic/pgf/math/pgfmath.code.tex (f:/develop/tex/texlive/2021/texmf-dist/tex/generic/pgf/math/pgfmathcalc.code.tex (f:/develop/tex/texlive/2021/texmf-dist/tex/generic/pgf/math/pgfmathutil.code.tex) (f:/develop/tex/texlive/2021/texmf-dist/tex/generic/pgf/math/pgfmathparser.code.tex
\pgfmath@dimen=\dimen159
\pgfmath@count=\count278
\pgfmath@box=\box53
\pgfmath@toks=\toks25
\pgfmath@stack@operand=\toks26
\pgfmath@stack@operation=\toks27
) (f:/develop/tex/texlive/2021/texmf-dist/tex/generic/pgf/math/pgfmathfunctions.code.tex (f:/develop/tex/texlive/2021/texmf-dist/tex/generic/pgf/math/pgfmathfunctions.basic.code.tex) (f:/develop/tex/texlive/2021/texmf-dist/tex/generic/pgf/math/pgfmathfunctions.trigonometric.code.tex) (f:/develop/tex/texlive/2021/texmf-dist/tex/generic/pgf/math/pgfmathfunctions.random.code.tex) (f:/develop/tex/texlive/2021/texmf-dist/tex/generic/pgf/math/pgfmathfunctions.comparison.code.tex) (f:/develop/tex/texlive/2021/texmf-dist/tex/generic/pgf/math/pgfmathfunctions.base.code.tex) (f:/develop/tex/texlive/2021/texmf-dist/tex/generic/pgf/math/pgfmathfunctions.round.code.tex) (f:/develop/tex/texlive/2021/texmf-dist/tex/generic/pgf/math/pgfmathfunctions.misc.code.tex) (f:/develop/tex/texlive/2021/texmf-dist/tex/generic/pgf/math/pgfmathfunctions.integerarithmetics.code.tex))) (f:/develop/tex/texlive/2021/texmf-dist/tex/generic/pgf/math/pgfmathfloat.code.tex
\c@pgfmathroundto@lastzeros=\count279
)) (f:/develop/tex/texlive/2021/texmf-dist/tex/generic/pgf/math/pgfint.code.tex) (f:/develop/tex/texlive/2021/texmf-dist/tex/generic/pgf/basiclayer/pgfcorepoints.code.tex
File: pgfcorepoints.code.tex 2020/12/27 v3.1.8b (3.1.8b)
\pgf@picminx=\dimen160
\pgf@picmaxx=\dimen161
\pgf@picminy=\dimen162
\pgf@picmaxy=\dimen163
\pgf@pathminx=\dimen164
\pgf@pathmaxx=\dimen165
\pgf@pathminy=\dimen166
\pgf@pathmaxy=\dimen167
\pgf@xx=\dimen168
\pgf@xy=\dimen169
\pgf@yx=\dimen170
\pgf@yy=\dimen171
\pgf@zx=\dimen172
\pgf@zy=\dimen173
) (f:/develop/tex/texlive/2021/texmf-dist/tex/generic/pgf/basiclayer/pgfcorepathconstruct.code.tex
File: pgfcorepathconstruct.code.tex 2020/12/27 v3.1.8b (3.1.8b)
\pgf@path@lastx=\dimen174
\pgf@path@lasty=\dimen175
) (f:/develop/tex/texlive/2021/texmf-dist/tex/generic/pgf/basiclayer/pgfcorepathusage.code.tex
File: pgfcorepathusage.code.tex 2020/12/27 v3.1.8b (3.1.8b)
\pgf@shorten@end@additional=\dimen176
\pgf@shorten@start@additional=\dimen177
) (f:/develop/tex/texlive/2021/texmf-dist/tex/generic/pgf/basiclayer/pgfcorescopes.code.tex
File: pgfcorescopes.code.tex 2020/12/27 v3.1.8b (3.1.8b)
\pgfpic=\box54
\pgf@hbox=\box55
\pgf@layerbox@main=\box56
\pgf@picture@serial@count=\count280
) (f:/develop/tex/texlive/2021/texmf-dist/tex/generic/pgf/basiclayer/pgfcoregraphicstate.code.tex
File: pgfcoregraphicstate.code.tex 2020/12/27 v3.1.8b (3.1.8b)
\pgflinewidth=\dimen178
) (f:/develop/tex/texlive/2021/texmf-dist/tex/generic/pgf/basiclayer/pgfcoretransformations.code.tex
File: pgfcoretransformations.code.tex 2020/12/27 v3.1.8b (3.1.8b)
\pgf@pt@x=\dimen179
\pgf@pt@y=\dimen180
\pgf@pt@temp=\dimen181
) (f:/develop/tex/texlive/2021/texmf-dist/tex/generic/pgf/basiclayer/pgfcorequick.code.tex
File: pgfcorequick.code.tex 2020/12/27 v3.1.8b (3.1.8b)
) (f:/develop/tex/texlive/2021/texmf-dist/tex/generic/pgf/basiclayer/pgfcoreobjects.code.tex
File: pgfcoreobjects.code.tex 2020/12/27 v3.1.8b (3.1.8b)
) (f:/develop/tex/texlive/2021/texmf-dist/tex/generic/pgf/basiclayer/pgfcorepathprocessing.code.tex
File: pgfcorepathprocessing.code.tex 2020/12/27 v3.1.8b (3.1.8b)
) (f:/develop/tex/texlive/2021/texmf-dist/tex/generic/pgf/basiclayer/pgfcorearrows.code.tex
File: pgfcorearrows.code.tex 2020/12/27 v3.1.8b (3.1.8b)
\pgfarrowsep=\dimen182
) (f:/develop/tex/texlive/2021/texmf-dist/tex/generic/pgf/basiclayer/pgfcoreshade.code.tex
File: pgfcoreshade.code.tex 2020/12/27 v3.1.8b (3.1.8b)
\pgf@max=\dimen183
\pgf@sys@shading@range@num=\count281
\pgf@shadingcount=\count282
) (f:/develop/tex/texlive/2021/texmf-dist/tex/generic/pgf/basiclayer/pgfcoreimage.code.tex
File: pgfcoreimage.code.tex 2020/12/27 v3.1.8b (3.1.8b)
 (f:/develop/tex/texlive/2021/texmf-dist/tex/generic/pgf/basiclayer/pgfcoreexternal.code.tex
File: pgfcoreexternal.code.tex 2020/12/27 v3.1.8b (3.1.8b)
\pgfexternal@startupbox=\box57
)) (f:/develop/tex/texlive/2021/texmf-dist/tex/generic/pgf/basiclayer/pgfcorelayers.code.tex
File: pgfcorelayers.code.tex 2020/12/27 v3.1.8b (3.1.8b)
) (f:/develop/tex/texlive/2021/texmf-dist/tex/generic/pgf/basiclayer/pgfcoretransparency.code.tex
File: pgfcoretransparency.code.tex 2020/12/27 v3.1.8b (3.1.8b)
) (f:/develop/tex/texlive/2021/texmf-dist/tex/generic/pgf/basiclayer/pgfcorepatterns.code.tex
File: pgfcorepatterns.code.tex 2020/12/27 v3.1.8b (3.1.8b)
) (f:/develop/tex/texlive/2021/texmf-dist/tex/generic/pgf/basiclayer/pgfcorerdf.code.tex
File: pgfcorerdf.code.tex 2020/12/27 v3.1.8b (3.1.8b)
))) (f:/develop/tex/texlive/2021/texmf-dist/tex/generic/pgf/modules/pgfmoduleshapes.code.tex
File: pgfmoduleshapes.code.tex 2020/12/27 v3.1.8b (3.1.8b)
\pgfnodeparttextbox=\box58
) (f:/develop/tex/texlive/2021/texmf-dist/tex/generic/pgf/modules/pgfmoduleplot.code.tex
File: pgfmoduleplot.code.tex 2020/12/27 v3.1.8b (3.1.8b)
) (f:/develop/tex/texlive/2021/texmf-dist/tex/latex/pgf/compatibility/pgfcomp-version-0-65.sty
Package: pgfcomp-version-0-65 2020/12/27 v3.1.8b (3.1.8b)
\pgf@nodesepstart=\dimen184
\pgf@nodesepend=\dimen185
) (f:/develop/tex/texlive/2021/texmf-dist/tex/latex/pgf/compatibility/pgfcomp-version-1-18.sty
Package: pgfcomp-version-1-18 2020/12/27 v3.1.8b (3.1.8b)
)) (f:/develop/tex/texlive/2021/texmf-dist/tex/latex/pgf/utilities/pgffor.sty (f:/develop/tex/texlive/2021/texmf-dist/tex/latex/pgf/utilities/pgfkeys.sty (f:/develop/tex/texlive/2021/texmf-dist/tex/generic/pgf/utilities/pgfkeys.code.tex)) (f:/develop/tex/texlive/2021/texmf-dist/tex/latex/pgf/math/pgfmath.sty (f:/develop/tex/texlive/2021/texmf-dist/tex/generic/pgf/math/pgfmath.code.tex)) (f:/develop/tex/texlive/2021/texmf-dist/tex/generic/pgf/utilities/pgffor.code.tex
Package: pgffor 2020/12/27 v3.1.8b (3.1.8b)
 (f:/develop/tex/texlive/2021/texmf-dist/tex/generic/pgf/math/pgfmath.code.tex)
\pgffor@iter=\dimen186
\pgffor@skip=\dimen187
\pgffor@stack=\toks28
\pgffor@toks=\toks29
)) (f:/develop/tex/texlive/2021/texmf-dist/tex/generic/pgf/frontendlayer/tikz/tikz.code.tex
Package: tikz 2020/12/27 v3.1.8b (3.1.8b)
 (f:/develop/tex/texlive/2021/texmf-dist/tex/generic/pgf/libraries/pgflibraryplothandlers.code.tex
File: pgflibraryplothandlers.code.tex 2020/12/27 v3.1.8b (3.1.8b)
\pgf@plot@mark@count=\count283
\pgfplotmarksize=\dimen188
)
\tikz@lastx=\dimen189
\tikz@lasty=\dimen190
\tikz@lastxsaved=\dimen191
\tikz@lastysaved=\dimen192
\tikz@lastmovetox=\dimen193
\tikz@lastmovetoy=\dimen194
\tikzleveldistance=\dimen195
\tikzsiblingdistance=\dimen196
\tikz@figbox=\box59
\tikz@figbox@bg=\box60
\tikz@tempbox=\box61
\tikz@tempbox@bg=\box62
\tikztreelevel=\count284
\tikznumberofchildren=\count285
\tikznumberofcurrentchild=\count286
\tikz@fig@count=\count287
 (f:/develop/tex/texlive/2021/texmf-dist/tex/generic/pgf/modules/pgfmodulematrix.code.tex
File: pgfmodulematrix.code.tex 2020/12/27 v3.1.8b (3.1.8b)
\pgfmatrixcurrentrow=\count288
\pgfmatrixcurrentcolumn=\count289
\pgf@matrix@numberofcolumns=\count290
)
\tikz@expandcount=\count291
 (f:/develop/tex/texlive/2021/texmf-dist/tex/generic/pgf/frontendlayer/tikz/libraries/tikzlibrarytopaths.code.tex
File: tikzlibrarytopaths.code.tex 2020/12/27 v3.1.8b (3.1.8b)
))) (f:/develop/tex/texlive/2021/texmf-dist/tex/latex/kvoptions/kvoptions.sty
Package: kvoptions 2020-10-07 v3.14 Key value format for package options (HO)
 (f:/develop/tex/texlive/2021/texmf-dist/tex/generic/ltxcmds/ltxcmds.sty
Package: ltxcmds 2020-05-10 v1.25 LaTeX kernel commands for general use (HO)
) (f:/develop/tex/texlive/2021/texmf-dist/tex/generic/kvsetkeys/kvsetkeys.sty
Package: kvsetkeys 2019/12/15 v1.18 Key value parser (HO)
))
\BarWidth=\skip52
\BarWidthCenter=\skip53
\BarHeight=\skip54
\BarHeightCenter=\skip55
\BarBorderWidth=\skip56
\BarRoundedCorners=\skip57
\BarPartWidth=\skip58
\BarSubDivisionsWidthANU=\skip59
\BarSubDivisionsWidthBNU=\skip60
\BarSubDivisionsWidthCNU=\skip61
\c@progressbar@counter=\count292
) (f:/develop/tex/texlive/2021/texmf-dist/tex/latex/hyperref/hyperref.sty
Package: hyperref 2021-02-27 v7.00k Hypertext links for LaTeX
 (f:/develop/tex/texlive/2021/texmf-dist/tex/generic/pdftexcmds/pdftexcmds.sty
Package: pdftexcmds 2020-06-27 v0.33 Utility functions of pdfTeX for LuaTeX (HO)
 (f:/develop/tex/texlive/2021/texmf-dist/tex/generic/infwarerr/infwarerr.sty
Package: infwarerr 2019/12/03 v1.5 Providing info/warning/error messages (HO)
)
Package pdftexcmds Info: \pdf@primitive is available.
Package pdftexcmds Info: \pdf@ifprimitive is available.
Package pdftexcmds Info: \pdfdraftmode not found.
) (f:/develop/tex/texlive/2021/texmf-dist/tex/generic/kvdefinekeys/kvdefinekeys.sty
Package: kvdefinekeys 2019-12-19 v1.6 Define keys (HO)
) (f:/develop/tex/texlive/2021/texmf-dist/tex/generic/pdfescape/pdfescape.sty
Package: pdfescape 2019/12/09 v1.15 Implements pdfTeX's escape features (HO)
) (f:/develop/tex/texlive/2021/texmf-dist/tex/latex/hycolor/hycolor.sty
Package: hycolor 2020-01-27 v1.10 Color options for hyperref/bookmark (HO)
) (f:/develop/tex/texlive/2021/texmf-dist/tex/latex/letltxmacro/letltxmacro.sty
Package: letltxmacro 2019/12/03 v1.6 Let assignment for LaTeX macros (HO)
) (f:/develop/tex/texlive/2021/texmf-dist/tex/latex/auxhook/auxhook.sty
Package: auxhook 2019-12-17 v1.6 Hooks for auxiliary files (HO)
)
\@linkdim=\dimen197
\Hy@linkcounter=\count293
\Hy@pagecounter=\count294
 (f:/develop/tex/texlive/2021/texmf-dist/tex/latex/hyperref/pd1enc.def
File: pd1enc.def 2021-02-27 v7.00k Hyperref: PDFDocEncoding definition (HO)
) (f:/develop/tex/texlive/2021/texmf-dist/tex/latex/hyperref/hyperref-langpatches.def
File: hyperref-langpatches.def 2021-02-27 v7.00k Hyperref: patches for babel languages
) (f:/develop/tex/texlive/2021/texmf-dist/tex/generic/intcalc/intcalc.sty
Package: intcalc 2019/12/15 v1.3 Expandable calculations with integers (HO)
) (f:/develop/tex/texlive/2021/texmf-dist/tex/generic/etexcmds/etexcmds.sty
Package: etexcmds 2019/12/15 v1.7 Avoid name clashes with e-TeX commands (HO)
)
\Hy@SavedSpaceFactor=\count295
 (f:/develop/tex/texlive/2021/texmf-dist/tex/latex/hyperref/puenc.def
File: puenc.def 2021-02-27 v7.00k Hyperref: PDF Unicode definition (HO)
)
Package hyperref Info: Hyper figures OFF on input line 4192.
Package hyperref Info: Link nesting OFF on input line 4197.
Package hyperref Info: Hyper index ON on input line 4200.
Package hyperref Info: Plain pages OFF on input line 4207.
Package hyperref Info: Backreferencing OFF on input line 4212.
Package hyperref Info: Implicit mode ON; LaTeX internals redefined.
Package hyperref Info: Bookmarks ON on input line 4445.
\c@Hy@tempcnt=\count296
 (f:/develop/tex/texlive/2021/texmf-dist/tex/latex/url/url.sty
\Urlmuskip=\muskip16
Package: url 2013/09/16  ver 3.4  Verb mode for urls, etc.
)
LaTeX Info: Redefining \url on input line 4804.
\XeTeXLinkMargin=\dimen198
 (f:/develop/tex/texlive/2021/texmf-dist/tex/generic/bitset/bitset.sty
Package: bitset 2019/12/09 v1.3 Handle bit-vector datatype (HO)
 (f:/develop/tex/texlive/2021/texmf-dist/tex/generic/bigintcalc/bigintcalc.sty
Package: bigintcalc 2019/12/15 v1.5 Expandable calculations on big integers (HO)
))
\Fld@menulength=\count297
\Field@Width=\dimen199
\Fld@charsize=\dimen256
Package hyperref Info: Hyper figures OFF on input line 6075.
Package hyperref Info: Link nesting OFF on input line 6080.
Package hyperref Info: Hyper index ON on input line 6083.
Package hyperref Info: backreferencing OFF on input line 6090.
Package hyperref Info: Link coloring OFF on input line 6095.
Package hyperref Info: Link coloring with OCG OFF on input line 6100.
Package hyperref Info: PDF/A mode OFF on input line 6105.
LaTeX Info: Redefining \ref on input line 6145.
LaTeX Info: Redefining \pageref on input line 6149.
 (f:/develop/tex/texlive/2021/texmf-dist/tex/latex/base/atbegshi-ltx.sty
Package: atbegshi-ltx 2020/08/17 v1.0a Emulation of the original atbegshi package
with kernel methods
)
\Hy@abspage=\count298
\c@Item=\count299
\c@Hfootnote=\count300
)
Package hyperref Info: Driver (autodetected): hxetex.
 (f:/develop/tex/texlive/2021/texmf-dist/tex/latex/hyperref/hxetex.def
File: hxetex.def 2021-02-27 v7.00k Hyperref driver for XeTeX
 (f:/develop/tex/texlive/2021/texmf-dist/tex/generic/stringenc/stringenc.sty
Package: stringenc 2019/11/29 v1.12 Convert strings between diff. encodings (HO)
)
\pdfm@box=\box63
\c@Hy@AnnotLevel=\count301
\HyField@AnnotCount=\count302
\Fld@listcount=\count303
\c@bookmark@seq@number=\count304
 (f:/develop/tex/texlive/2021/texmf-dist/tex/latex/rerunfilecheck/rerunfilecheck.sty
Package: rerunfilecheck 2019/12/05 v1.9 Rerun checks for auxiliary files (HO)
 (f:/develop/tex/texlive/2021/texmf-dist/tex/latex/base/atveryend-ltx.sty
Package: atveryend-ltx 2020/08/19 v1.0a Emulation of the original atvery package
with kernel methods
) (f:/develop/tex/texlive/2021/texmf-dist/tex/generic/uniquecounter/uniquecounter.sty
Package: uniquecounter 2019/12/15 v1.4 Provide unlimited unique counter (HO)
)
Package uniquecounter Info: New unique counter `rerunfilecheck' on input line 286.
)
\Hy@SectionHShift=\skip62
) (./fontawesome.sty
Package: fontawesome 2016/05/15 v4.6.3 font awesome icons
(./fontawesomesymbols-generic.tex)

Package fontspec Info: Font family 'FontAwesome(0)' created for font
(fontspec)             'FontAwesome' with options [Path =
(fontspec)             fonts/fontawesome/opentype/,Scale = 0.85,SmallCapsFont
(fontspec)             = *].
(fontspec)
(fontspec)              This font family consists of the following NFSS
(fontspec)             series/shapes:
(fontspec)
(fontspec)             - 'normal' (m/n) with NFSS spec.:
(fontspec)             <->s*[0.85]"[fonts/fontawesome/opentype/FontAwesome]/OT:language=dflt;"
(fontspec)             - 'small caps'  (m/sc) with NFSS spec.:
(fontspec)             <->s*[0.85]"[fonts/fontawesome/opentype/FontAwesome]/OT:language=dflt;"

 (./fontawesomesymbols-xeluatex.tex))

Package fontspec Info: Font family 'texgyretermes(0)' created for font
(fontspec)             'texgyretermes' with options [Ligatures=TeX,Path =
(fontspec)             fonts/Main/,Extension = .otf,UprightFont =
(fontspec)             *-regular,BoldFont = *-bold,ItalicFont =
(fontspec)             *-italic,BoldItalicFont = *-bolditalic,SmallCapsFont =
(fontspec)             Fontin-SmallCaps].
(fontspec)
(fontspec)              This font family consists of the following NFSS
(fontspec)             series/shapes:
(fontspec)
(fontspec)             - 'normal' (m/n) with NFSS spec.:
(fontspec)             <->"[fonts/Main/texgyretermes-regular.otf]/OT:script=latn;language=dflt;mapping=tex-text;"
(fontspec)             - 'small caps'  (m/sc) with NFSS spec.:
(fontspec)             <->"[fonts/Main/Fontin-SmallCaps.otf]/OT:script=latn;language=dflt;mapping=tex-text;"
(fontspec)             - 'bold' (b/n) with NFSS spec.:
(fontspec)             <->"[fonts/Main/texgyretermes-bold.otf]/OT:script=latn;language=dflt;mapping=tex-text;"
(fontspec)             - 'bold small caps'  (b/sc) with NFSS spec.:
(fontspec)             <->"[fonts/Main/Fontin-SmallCaps.otf]/OT:script=latn;language=dflt;mapping=tex-text;"
(fontspec)             - 'italic' (m/it) with NFSS spec.:
(fontspec)             <->"[fonts/Main/texgyretermes-italic.otf]/OT:script=latn;language=dflt;mapping=tex-text;"
(fontspec)             - 'italic small caps'  (m/scit) with NFSS spec.:
(fontspec)             <->"[fonts/Main/Fontin-SmallCaps.otf]/OT:script=latn;language=dflt;mapping=tex-text;"
(fontspec)             - 'bold italic' (b/it) with NFSS spec.:
(fontspec)             <->"[fonts/Main/texgyretermes-bolditalic.otf]/OT:script=latn;language=dflt;mapping=tex-text;"
(fontspec)             - 'bold italic small caps'  (b/scit) with NFSS spec.:
(fontspec)             <->"[fonts/Main/Fontin-SmallCaps.otf]/OT:script=latn;language=dflt;mapping=tex-text;"

 (f:/develop/tex/texlive/2021/texmf-dist/tex/latex/geometry/geometry.sty
Package: geometry 2020/01/02 v5.9 Page Geometry
 (f:/develop/tex/texlive/2021/texmf-dist/tex/generic/iftex/ifvtex.sty
Package: ifvtex 2019/10/25 v1.7 ifvtex legacy package. Use iftex instead.
)
\Gm@cnth=\count305
\Gm@cntv=\count306
\c@Gm@tempcnt=\count307
\Gm@bindingoffset=\dimen257
\Gm@wd@mp=\dimen258
\Gm@odd@mp=\dimen259
\Gm@even@mp=\dimen260
\Gm@layoutwidth=\dimen261
\Gm@layoutheight=\dimen262
\Gm@layouthoffset=\dimen263
\Gm@layoutvoffset=\dimen264
\Gm@dimlist=\toks30
) (f:/develop/tex/texlive/2021/texmf-dist/tex/latex/titlesec/titlesec.sty
Package: titlesec 2019/10/16 v2.13 Sectioning titles
\ttl@box=\box64
\beforetitleunit=\skip63
\aftertitleunit=\skip64
\ttl@plus=\dimen265
\ttl@minus=\dimen266
\ttl@toksa=\toks31
\titlewidth=\dimen267
\titlewidthlast=\dimen268
\titlewidthfirst=\dimen269
) (f:/develop/tex/texlive/2021/texmf-dist/tex/latex/enumitem/enumitem.sty
Package: enumitem 2019/06/20 v3.9 Customized lists
\labelindent=\skip65
\enit@outerparindent=\dimen270
\enit@toks=\toks32
\enit@inbox=\box65
\enit@count@id=\count308
\enitdp@description=\count309
) (f:/develop/tex/texlive/2021/texmf-dist/tex/generic/nth/nth.sty
Package: nth 2002/02/27
)) (./resume.aux)
\openout1 = `resume.aux'.

LaTeX Font Info:    Checking defaults for OML/cmm/m/it on input line 7.
LaTeX Font Info:    ... okay on input line 7.
LaTeX Font Info:    Checking defaults for OMS/cmsy/m/n on input line 7.
LaTeX Font Info:    ... okay on input line 7.
LaTeX Font Info:    Checking defaults for OT1/cmr/m/n on input line 7.
LaTeX Font Info:    ... okay on input line 7.
LaTeX Font Info:    Checking defaults for T1/cmr/m/n on input line 7.
LaTeX Font Info:    ... okay on input line 7.
LaTeX Font Info:    Checking defaults for TS1/cmr/m/n on input line 7.
LaTeX Font Info:    Trying to load font information for TS1+cmr on input line 7.
 (f:/develop/tex/texlive/2021/texmf-dist/tex/latex/base/ts1cmr.fd
File: ts1cmr.fd 2019/12/16 v2.5j Standard LaTeX font definitions
)
LaTeX Font Info:    ... okay on input line 7.
LaTeX Font Info:    Checking defaults for TU/lmr/m/n on input line 7.
LaTeX Font Info:    ... okay on input line 7.
LaTeX Font Info:    Checking defaults for OMX/cmex/m/n on input line 7.
LaTeX Font Info:    ... okay on input line 7.
LaTeX Font Info:    Checking defaults for U/cmr/m/n on input line 7.
LaTeX Font Info:    ... okay on input line 7.
LaTeX Font Info:    Checking defaults for PD1/pdf/m/n on input line 7.
LaTeX Font Info:    ... okay on input line 7.
LaTeX Font Info:    Checking defaults for PU/pdf/m/n on input line 7.
LaTeX Font Info:    ... okay on input line 7.

Package fontspec Info: Adjusting the maths setup (use [no-math] to avoid
(fontspec)             this).

\symlegacymaths=\mathgroup4
LaTeX Font Info:    Overwriting symbol font `legacymaths' in version `bold'
(Font)                  OT1/cmr/m/n --> OT1/cmr/bx/n on input line 7.
LaTeX Font Info:    Redeclaring math accent \acute on input line 7.
LaTeX Font Info:    Redeclaring math accent \grave on input line 7.
LaTeX Font Info:    Redeclaring math accent \ddot on input line 7.
LaTeX Font Info:    Redeclaring math accent \tilde on input line 7.
LaTeX Font Info:    Redeclaring math accent \bar on input line 7.
LaTeX Font Info:    Redeclaring math accent \breve on input line 7.
LaTeX Font Info:    Redeclaring math accent \check on input line 7.
LaTeX Font Info:    Redeclaring math accent \hat on input line 7.
LaTeX Font Info:    Redeclaring math accent \dot on input line 7.
LaTeX Font Info:    Redeclaring math accent \mathring on input line 7.
LaTeX Font Info:    Redeclaring math symbol \colon on input line 7.
LaTeX Font Info:    Redeclaring math symbol \Gamma on input line 7.
LaTeX Font Info:    Redeclaring math symbol \Delta on input line 7.
LaTeX Font Info:    Redeclaring math symbol \Theta on input line 7.
LaTeX Font Info:    Redeclaring math symbol \Lambda on input line 7.
LaTeX Font Info:    Redeclaring math symbol \Xi on input line 7.
LaTeX Font Info:    Redeclaring math symbol \Pi on input line 7.
LaTeX Font Info:    Redeclaring math symbol \Sigma on input line 7.
LaTeX Font Info:    Redeclaring math symbol \Upsilon on input line 7.
LaTeX Font Info:    Redeclaring math symbol \Phi on input line 7.
LaTeX Font Info:    Redeclaring math symbol \Psi on input line 7.
LaTeX Font Info:    Redeclaring math symbol \Omega on input line 7.
LaTeX Font Info:    Redeclaring math symbol \mathdollar on input line 7.
LaTeX Font Info:    Redeclaring symbol font `operators' on input line 7.
LaTeX Font Info:    Encoding `OT1' has changed to `TU' for symbol font
(Font)              `operators' in the math version `normal' on input line 7.
LaTeX Font Info:    Overwriting symbol font `operators' in version `normal'
(Font)                  OT1/cmr/m/n --> TU/texgyretermes(0)/m/n on input line 7.
LaTeX Font Info:    Encoding `OT1' has changed to `TU' for symbol font
(Font)              `operators' in the math version `bold' on input line 7.
LaTeX Font Info:    Overwriting symbol font `operators' in version `bold'
(Font)                  OT1/cmr/bx/n --> TU/texgyretermes(0)/m/n on input line 7.
LaTeX Font Info:    Overwriting symbol font `operators' in version `normal'
(Font)                  TU/texgyretermes(0)/m/n --> TU/texgyretermes(0)/m/n on input line 7.
LaTeX Font Info:    Overwriting math alphabet `\mathit' in version `normal'
(Font)                  OT1/cmr/m/it --> TU/texgyretermes(0)/m/it on input line 7.
LaTeX Font Info:    Overwriting math alphabet `\mathbf' in version `normal'
(Font)                  OT1/cmr/bx/n --> TU/texgyretermes(0)/b/n on input line 7.
LaTeX Font Info:    Overwriting math alphabet `\mathsf' in version `normal'
(Font)                  OT1/cmss/m/n --> TU/lmss/m/n on input line 7.
LaTeX Font Info:    Overwriting math alphabet `\mathtt' in version `normal'
(Font)                  OT1/cmtt/m/n --> TU/lmtt/m/n on input line 7.
LaTeX Font Info:    Overwriting symbol font `operators' in version `bold'
(Font)                  TU/texgyretermes(0)/m/n --> TU/texgyretermes(0)/b/n on input line 7.
LaTeX Font Info:    Overwriting math alphabet `\mathit' in version `bold'
(Font)                  OT1/cmr/bx/it --> TU/texgyretermes(0)/b/it on input line 7.
LaTeX Font Info:    Overwriting math alphabet `\mathsf' in version `bold'
(Font)                  OT1/cmss/bx/n --> TU/lmss/b/n on input line 7.
LaTeX Font Info:    Overwriting math alphabet `\mathtt' in version `bold'
(Font)                  OT1/cmtt/m/n --> TU/lmtt/b/n on input line 7.
Package hyperref Info: Link coloring OFF on input line 7.
 (f:/develop/tex/texlive/2021/texmf-dist/tex/latex/hyperref/nameref.sty
Package: nameref 2021-04-02 v2.47 Cross-referencing by name of section
 (f:/develop/tex/texlive/2021/texmf-dist/tex/latex/refcount/refcount.sty
Package: refcount 2019/12/15 v3.6 Data extraction from label references (HO)
) (f:/develop/tex/texlive/2021/texmf-dist/tex/generic/gettitlestring/gettitlestring.sty
Package: gettitlestring 2019/12/15 v1.6 Cleanup title references (HO)
)
\c@section@level=\count310
)
LaTeX Info: Redefining \ref on input line 7.
LaTeX Info: Redefining \pageref on input line 7.
LaTeX Info: Redefining \nameref on input line 7.
 (./resume.out) (./resume.out)
\@outlinefile=\write4
\openout4 = `resume.out'.


*geometry* driver: auto-detecting
*geometry* detected driver: xetex
*geometry* verbose mode - [ preamble ] result:
* driver: xetex
* paper: a4paper
* layout: <same size as paper>
* layoutoffset:(h,v)=(0.0pt,0.0pt)
* modes:
* h-part:(L,W,R)=(57.81621pt, 481.87546pt, 57.81621pt)
* v-part:(T,H,B)=(50.58878pt, 754.70935pt, 39.74872pt)
* \paperwidth=597.50787pt
* \paperheight=845.04684pt
* \textwidth=481.87546pt
* \textheight=754.70935pt
* \oddsidemargin=-14.45378pt
* \evensidemargin=-14.45378pt
* \topmargin=-21.68121pt
* \headheight=0.0pt
* \headsep=0.0pt
* \topskip=11.0pt
* \footskip=30.0pt
* \marginparwidth=59.0pt
* \marginparsep=10.0pt
* \columnsep=10.0pt
* \skip\footins=10.0pt plus 4.0pt minus 2.0pt
* \hoffset=0.0pt
* \voffset=0.0pt
* \mag=1000
* \@twocolumnfalse
* \@twosidefalse
* \@mparswitchfalse
* \@reversemarginfalse
* (1in=72.27pt=25.4mm, 1cm=28.453pt)

LaTeX Font Info:    Font shape `TU/FontAwesome(0)/m/n' will be
(Font)              scaled to size 10.20007pt on input line 23.
LaTeX Font Info:    External font `cmex10' loaded for size
(Font)              <10.95> on input line 35.
LaTeX Font Info:    External font `cmex10' loaded for size
(Font)              <8> on input line 35.
LaTeX Font Info:    External font `cmex10' loaded for size
(Font)              <6> on input line 35.
[1

] (./resume.aux)
Package rerunfilecheck Info: File `resume.out' has not changed.
(rerunfilecheck)             Checksum: DE5D3BDF88F27917820276F66BB50B0F;2803.
 )
Here is how much of TeX's memory you used:
 23222 strings out of 476919
 467103 string characters out of 5820048
 805053 words of memory out of 5000000
 42821 multiletter control sequences out of 15000+600000
 406737 words of font info for 63 fonts, out of 8000000 for 9000
 1348 hyphenation exceptions out of 8191
 117i,5n,117p,581b,315s stack positions out of 5000i,500n,10000p,200000b,80000s

Output written on resume.pdf (1 page).
